2022-11-20 22:03:43,890:INFO:PyCaret Supervised Module
2022-11-20 22:03:43,891:INFO:ML Usecase: classification
2022-11-20 22:03:43,891:INFO:version 2.3.10
2022-11-20 22:03:43,891:INFO:Initializing setup()
2022-11-20 22:03:43,891:INFO:setup(target=Rótulo_Y, ml_usecase=classification, available_plots={'parameter': 'Hyperparameters', 'auc': 'AUC', 'confusion_matrix': 'Confusion Matrix', 'threshold': 'Threshold', 'pr': 'Precision Recall', 'error': 'Prediction Error', 'class_report': 'Class Report', 'rfe': 'Feature Selection', 'learning': 'Learning Curve', 'manifold': 'Manifold Learning', 'calibration': 'Calibration Curve', 'vc': 'Validation Curve', 'dimension': 'Dimensions', 'feature': 'Feature Importance', 'feature_all': 'Feature Importance (All)', 'boundary': 'Decision Boundary', 'lift': 'Lift Chart', 'gain': 'Gain Chart', 'tree': 'Decision Tree', 'ks': 'KS Statistic Plot'}, train_size=0.7, test_data=None, preprocess=True, imputation_type=simple, iterative_imputation_iters=5, categorical_features=None, categorical_imputation=constant, categorical_iterative_imputer=lightgbm, ordinal_features=None, high_cardinality_features=None, high_cardinality_method=frequency, numeric_features=None, numeric_imputation=mean, numeric_iterative_imputer=lightgbm, date_features=None, ignore_features=None, normalize=False, normalize_method=zscore, transformation=False, transformation_method=yeo-johnson, handle_unknown_categorical=True, unknown_categorical_method=least_frequent, pca=False, pca_method=linear, pca_components=None, ignore_low_variance=False, combine_rare_levels=False, rare_level_threshold=0.1, bin_numeric_features=None, remove_outliers=False, outliers_threshold=0.05, remove_multicollinearity=False, multicollinearity_threshold=0.9, remove_perfect_collinearity=True, create_clusters=False, cluster_iter=20, polynomial_features=False, polynomial_degree=2, trigonometry_features=False, polynomial_threshold=0.1, group_features=None, group_names=None, feature_selection=False, feature_selection_threshold=0.8, feature_selection_method=classic, feature_interaction=False, feature_ratio=False, interaction_threshold=0.01, fix_imbalance=False, fix_imbalance_method=None, transform_target=False, transform_target_method=box-cox, data_split_shuffle=True, data_split_stratify=False, fold_strategy=stratifiedkfold, fold=10, fold_shuffle=False, fold_groups=None, n_jobs=-1, use_gpu=False, custom_pipeline=None, html=True, session_id=123, log_experiment=False, experiment_name=None, experiment_custom_tags=None, log_plots=False, log_profile=False, log_data=False, silent=False, verbose=True, profile=False, profile_kwargs=None, display=None)
2022-11-20 22:03:43,891:INFO:Checking environment
2022-11-20 22:03:43,891:INFO:python_version: 3.7.9
2022-11-20 22:03:43,891:INFO:python_build: ('default', 'Feb  9 2021 08:33:04')
2022-11-20 22:03:43,891:INFO:machine: x86_64
2022-11-20 22:03:43,891:INFO:platform: Linux-5.15.0-1019-aws-x86_64-with-debian-10.8
2022-11-20 22:03:43,892:INFO:Memory: svmem(total=32823218176, available=20783001600, percent=36.7, used=11554488320, free=9226534912, active=1329541120, inactive=21214171136, buffers=232931328, cached=11809263616, shared=1028096, slab=823746560)
2022-11-20 22:03:43,893:INFO:Physical Core: 8
2022-11-20 22:03:43,893:INFO:Logical Core: 16
2022-11-20 22:03:43,893:INFO:Checking libraries
2022-11-20 22:03:43,894:INFO:pd==1.3.5
2022-11-20 22:03:43,894:INFO:numpy==1.19.5
2022-11-20 22:03:43,894:INFO:sklearn==0.23.2
2022-11-20 22:03:43,894:INFO:lightgbm==3.3.3
2022-11-20 22:03:43,894:WARNING:catboost not found
2022-11-20 22:03:43,894:WARNING:xgboost not found
2022-11-20 22:03:43,895:INFO:mlflow==1.30.0
2022-11-20 22:03:43,895:INFO:Checking Exceptions
2022-11-20 22:03:43,911:INFO:Declaring global variables
2022-11-20 22:03:43,911:INFO:USI: 11ba
2022-11-20 22:03:43,911:INFO:pycaret_globals: {'pycaret_globals', 'n_jobs_param', 'fold_generator', 'html_param', '_all_models', 'fold_groups_param', 'logging_param', 'stratify_param', 'y_train', '_internal_pipeline', 'create_model_container', 'X_test', '_all_metrics', 'fix_imbalance_method_param', 'data_before_preprocess', '_all_models_internal', '_available_plots', 'fold_shuffle_param', 'y', 'imputation_regressor', 'USI', 'X_train', 'X', 'target_param', 'gpu_param', 'y_test', 'iterative_imputation_iters_param', 'imputation_classifier', 'experiment__', 'master_model_container', 'transform_target_param', 'display_container', '_ml_usecase', 'fold_param', 'prep_pipe', 'transform_target_method_param', 'fix_imbalance_param', '_gpu_n_jobs_param', 'dashboard_logger', 'log_plots_param', 'fold_groups_param_full', 'seed', 'exp_name_log'}
2022-11-20 22:03:43,911:INFO:Preparing display monitor
2022-11-20 22:03:43,911:INFO:Preparing display monitor
2022-11-20 22:03:43,928:INFO:Importing libraries
2022-11-20 22:03:43,928:INFO:Copying data for preprocessing
2022-11-20 22:03:44,140:INFO:Declaring preprocessing parameters
2022-11-20 22:03:44,402:INFO:Creating preprocessing pipeline
2022-11-20 22:03:44,456:INFO:Preprocessing pipeline created successfully
2022-11-20 22:03:44,457:ERROR:(Process Exit): setup has been interupted with user command 'quit'. setup must rerun.
2022-11-20 22:03:44,457:INFO:Creating global containers
2022-11-20 22:03:44,458:INFO:Internal pipeline: Pipeline(memory=None, steps=[('empty_step', 'passthrough')], verbose=False)
2022-11-21 10:37:19,795:INFO:PyCaret Supervised Module
2022-11-21 10:37:19,796:INFO:ML Usecase: classification
2022-11-21 10:37:19,796:INFO:version 2.3.10
2022-11-21 10:37:19,796:INFO:Initializing setup()
2022-11-21 10:37:19,796:INFO:setup(target=Rótulo_Y, ml_usecase=classification, available_plots={'parameter': 'Hyperparameters', 'auc': 'AUC', 'confusion_matrix': 'Confusion Matrix', 'threshold': 'Threshold', 'pr': 'Precision Recall', 'error': 'Prediction Error', 'class_report': 'Class Report', 'rfe': 'Feature Selection', 'learning': 'Learning Curve', 'manifold': 'Manifold Learning', 'calibration': 'Calibration Curve', 'vc': 'Validation Curve', 'dimension': 'Dimensions', 'feature': 'Feature Importance', 'feature_all': 'Feature Importance (All)', 'boundary': 'Decision Boundary', 'lift': 'Lift Chart', 'gain': 'Gain Chart', 'tree': 'Decision Tree', 'ks': 'KS Statistic Plot'}, train_size=0.7, test_data=None, preprocess=True, imputation_type=simple, iterative_imputation_iters=5, categorical_features=None, categorical_imputation=constant, categorical_iterative_imputer=lightgbm, ordinal_features=None, high_cardinality_features=None, high_cardinality_method=frequency, numeric_features=None, numeric_imputation=mean, numeric_iterative_imputer=lightgbm, date_features=None, ignore_features=None, normalize=False, normalize_method=zscore, transformation=False, transformation_method=yeo-johnson, handle_unknown_categorical=True, unknown_categorical_method=least_frequent, pca=False, pca_method=linear, pca_components=None, ignore_low_variance=False, combine_rare_levels=False, rare_level_threshold=0.1, bin_numeric_features=None, remove_outliers=False, outliers_threshold=0.05, remove_multicollinearity=False, multicollinearity_threshold=0.9, remove_perfect_collinearity=True, create_clusters=False, cluster_iter=20, polynomial_features=False, polynomial_degree=2, trigonometry_features=False, polynomial_threshold=0.1, group_features=None, group_names=None, feature_selection=False, feature_selection_threshold=0.8, feature_selection_method=classic, feature_interaction=False, feature_ratio=False, interaction_threshold=0.01, fix_imbalance=False, fix_imbalance_method=None, transform_target=False, transform_target_method=box-cox, data_split_shuffle=True, data_split_stratify=False, fold_strategy=stratifiedkfold, fold=10, fold_shuffle=False, fold_groups=None, n_jobs=-1, use_gpu=False, custom_pipeline=None, html=True, session_id=123, log_experiment=False, experiment_name=None, experiment_custom_tags=None, log_plots=False, log_profile=False, log_data=False, silent=False, verbose=True, profile=False, profile_kwargs=None, display=None)
2022-11-21 10:37:19,796:INFO:Checking environment
2022-11-21 10:37:19,796:INFO:python_version: 3.7.9
2022-11-21 10:37:19,796:INFO:python_build: ('default', 'Feb  9 2021 08:33:04')
2022-11-21 10:37:19,796:INFO:machine: x86_64
2022-11-21 10:37:19,796:INFO:platform: Linux-5.15.0-1019-aws-x86_64-with-debian-10.8
2022-11-21 10:37:19,796:INFO:Memory: svmem(total=32588345344, available=23333564416, percent=28.4, used=8770908160, free=12183089152, active=1442869248, inactive=17937506304, buffers=228868096, cached=11405479936, shared=1036288, slab=809717760)
2022-11-21 10:37:19,797:INFO:Physical Core: 8
2022-11-21 10:37:19,797:INFO:Logical Core: 16
2022-11-21 10:37:19,797:INFO:Checking libraries
2022-11-21 10:37:19,797:INFO:pd==1.3.5
2022-11-21 10:37:19,798:INFO:numpy==1.19.5
2022-11-21 10:37:19,798:INFO:sklearn==0.23.2
2022-11-21 10:37:19,798:INFO:lightgbm==3.3.3
2022-11-21 10:37:19,798:WARNING:catboost not found
2022-11-21 10:37:19,798:WARNING:xgboost not found
2022-11-21 10:37:19,798:INFO:mlflow==1.30.0
2022-11-21 10:37:19,798:INFO:Checking Exceptions
2022-11-21 10:37:19,810:INFO:Declaring global variables
2022-11-21 10:37:19,810:INFO:USI: 00b4
2022-11-21 10:37:19,810:INFO:pycaret_globals: {'fold_groups_param_full', '_available_plots', 'iterative_imputation_iters_param', '_gpu_n_jobs_param', 'X_test', 'y', '_ml_usecase', 'imputation_regressor', 'fix_imbalance_method_param', 'exp_name_log', '_internal_pipeline', 'data_before_preprocess', '_all_models_internal', '_all_models', 'dashboard_logger', 'seed', 'html_param', 'fold_groups_param', 'X_train', 'prep_pipe', 'master_model_container', 'experiment__', 'fix_imbalance_param', 'transform_target_method_param', 'display_container', '_all_metrics', 'gpu_param', 'fold_generator', 'imputation_classifier', 'target_param', 'log_plots_param', 'fold_param', 'pycaret_globals', 'transform_target_param', 'USI', 'fold_shuffle_param', 'X', 'create_model_container', 'logging_param', 'y_test', 'stratify_param', 'n_jobs_param', 'y_train'}
2022-11-21 10:37:19,810:INFO:Preparing display monitor
2022-11-21 10:37:19,810:INFO:Preparing display monitor
2022-11-21 10:37:19,821:INFO:Importing libraries
2022-11-21 10:37:19,821:INFO:Copying data for preprocessing
2022-11-21 10:37:20,041:INFO:Declaring preprocessing parameters
2022-11-21 10:37:20,317:INFO:Creating preprocessing pipeline
2022-11-21 10:37:20,374:INFO:Preprocessing pipeline created successfully
2022-11-21 10:37:20,374:ERROR:(Process Exit): setup has been interupted with user command 'quit'. setup must rerun.
2022-11-21 10:37:20,374:INFO:Creating global containers
2022-11-21 10:37:20,378:INFO:Internal pipeline: Pipeline(memory=None, steps=[('empty_step', 'passthrough')], verbose=False)
